mode: set
github.com/SawitProRecruitment/UserService/service/interfaces.mock.gen.go:29.67,33.2 3 0
github.com/SawitProRecruitment/UserService/service/interfaces.mock.gen.go:36.65,38.2 1 0
github.com/SawitProRecruitment/UserService/service/interfaces.mock.gen.go:41.132,47.2 5 0
github.com/SawitProRecruitment/UserService/service/interfaces.mock.gen.go:50.84,53.2 2 0
github.com/SawitProRecruitment/UserService/service/interfaces.mock.gen.go:56.141,62.2 5 0
github.com/SawitProRecruitment/UserService/service/interfaces.mock.gen.go:65.87,68.2 2 0
github.com/SawitProRecruitment/UserService/service/interfaces.mock.gen.go:82.73,86.2 3 0
github.com/SawitProRecruitment/UserService/service/interfaces.mock.gen.go:89.71,91.2 1 0
github.com/SawitProRecruitment/UserService/service/interfaces.mock.gen.go:94.114,100.2 5 0
github.com/SawitProRecruitment/UserService/service/interfaces.mock.gen.go:103.84,106.2 2 0
github.com/SawitProRecruitment/UserService/service/interfaces.mock.gen.go:109.124,114.2 4 0
github.com/SawitProRecruitment/UserService/service/interfaces.mock.gen.go:117.95,120.2 2 0
github.com/SawitProRecruitment/UserService/service/interfaces.mock.gen.go:134.69,138.2 3 1
github.com/SawitProRecruitment/UserService/service/interfaces.mock.gen.go:141.67,143.2 1 1
github.com/SawitProRecruitment/UserService/service/interfaces.mock.gen.go:146.90,152.2 5 0
github.com/SawitProRecruitment/UserService/service/interfaces.mock.gen.go:155.88,158.2 2 0
github.com/SawitProRecruitment/UserService/service/interfaces.mock.gen.go:161.95,167.2 5 1
github.com/SawitProRecruitment/UserService/service/interfaces.mock.gen.go:170.93,173.2 2 1
github.com/SawitProRecruitment/UserService/service/profile-service.go:18.117,23.2 1 1
github.com/SawitProRecruitment/UserService/service/profile-service.go:25.114,27.9 2 1
github.com/SawitProRecruitment/UserService/service/profile-service.go:31.2,32.16 2 1
github.com/SawitProRecruitment/UserService/service/profile-service.go:36.2,37.16 2 1
github.com/SawitProRecruitment/UserService/service/profile-service.go:41.2,44.8 1 1
github.com/SawitProRecruitment/UserService/service/profile-service.go:27.9,29.3 1 1
github.com/SawitProRecruitment/UserService/service/profile-service.go:32.16,34.3 1 1
github.com/SawitProRecruitment/UserService/service/profile-service.go:37.16,39.3 1 1
github.com/SawitProRecruitment/UserService/service/profile-service.go:47.124,49.9 2 0
github.com/SawitProRecruitment/UserService/service/profile-service.go:53.2,54.16 2 0
github.com/SawitProRecruitment/UserService/service/profile-service.go:58.2,58.63 1 0
github.com/SawitProRecruitment/UserService/service/profile-service.go:62.2,68.59 2 0
github.com/SawitProRecruitment/UserService/service/profile-service.go:71.2,71.12 1 0
github.com/SawitProRecruitment/UserService/service/profile-service.go:49.9,51.3 1 0
github.com/SawitProRecruitment/UserService/service/profile-service.go:54.16,56.3 1 0
github.com/SawitProRecruitment/UserService/service/profile-service.go:58.63,60.3 1 0
github.com/SawitProRecruitment/UserService/service/profile-service.go:68.59,70.3 1 0
github.com/SawitProRecruitment/UserService/service/profile-service.go:74.118,77.55 2 0
github.com/SawitProRecruitment/UserService/service/profile-service.go:81.2,81.30 1 0
github.com/SawitProRecruitment/UserService/service/profile-service.go:88.2,88.27 1 0
github.com/SawitProRecruitment/UserService/service/profile-service.go:95.2,95.26 1 0
github.com/SawitProRecruitment/UserService/service/profile-service.go:98.2,98.12 1 0
github.com/SawitProRecruitment/UserService/service/profile-service.go:77.55,79.3 1 0
github.com/SawitProRecruitment/UserService/service/profile-service.go:81.30,83.65 2 0
github.com/SawitProRecruitment/UserService/service/profile-service.go:83.65,85.4 1 0
github.com/SawitProRecruitment/UserService/service/profile-service.go:88.27,90.59 2 0
github.com/SawitProRecruitment/UserService/service/profile-service.go:90.59,92.4 1 0
github.com/SawitProRecruitment/UserService/service/profile-service.go:95.26,97.3 1 0
github.com/SawitProRecruitment/UserService/service/token-manager.go:19.50,21.16 2 0
github.com/SawitProRecruitment/UserService/service/token-manager.go:25.2,26.16 2 0
github.com/SawitProRecruitment/UserService/service/token-manager.go:30.2,30.19 1 0
github.com/SawitProRecruitment/UserService/service/token-manager.go:21.16,23.3 1 0
github.com/SawitProRecruitment/UserService/service/token-manager.go:26.16,28.3 1 0
github.com/SawitProRecruitment/UserService/service/token-manager.go:33.48,35.16 2 0
github.com/SawitProRecruitment/UserService/service/token-manager.go:39.2,40.16 2 0
github.com/SawitProRecruitment/UserService/service/token-manager.go:43.2,43.18 1 0
github.com/SawitProRecruitment/UserService/service/token-manager.go:35.16,37.3 1 0
github.com/SawitProRecruitment/UserService/service/token-manager.go:40.16,42.3 1 0
github.com/SawitProRecruitment/UserService/service/token-manager.go:46.70,51.2 1 0
github.com/SawitProRecruitment/UserService/service/token-manager.go:53.84,61.16 6 0
github.com/SawitProRecruitment/UserService/service/token-manager.go:65.2,65.25 1 0
github.com/SawitProRecruitment/UserService/service/token-manager.go:61.16,64.3 2 0
github.com/SawitProRecruitment/UserService/service/token-manager.go:68.89,69.83 1 0
github.com/SawitProRecruitment/UserService/service/token-manager.go:76.2,76.32 1 0
github.com/SawitProRecruitment/UserService/service/token-manager.go:80.2,81.16 2 0
github.com/SawitProRecruitment/UserService/service/token-manager.go:84.2,84.20 1 0
github.com/SawitProRecruitment/UserService/service/token-manager.go:69.83,70.57 1 0
github.com/SawitProRecruitment/UserService/service/token-manager.go:73.3,73.26 1 0
github.com/SawitProRecruitment/UserService/service/token-manager.go:70.57,72.4 1 0
github.com/SawitProRecruitment/UserService/service/token-manager.go:76.32,78.3 1 0
github.com/SawitProRecruitment/UserService/service/token-manager.go:81.16,83.3 1 0
github.com/SawitProRecruitment/UserService/service/validator.go:9.60,12.45 2 0
github.com/SawitProRecruitment/UserService/service/validator.go:16.2,16.26 1 0
github.com/SawitProRecruitment/UserService/service/validator.go:19.2,19.12 1 0
github.com/SawitProRecruitment/UserService/service/validator.go:12.45,14.3 1 0
github.com/SawitProRecruitment/UserService/service/validator.go:16.26,18.3 1 0
github.com/SawitProRecruitment/UserService/service/validator.go:22.66,25.52 2 0
github.com/SawitProRecruitment/UserService/service/validator.go:29.2,29.44 1 0
github.com/SawitProRecruitment/UserService/service/validator.go:33.2,33.26 1 0
github.com/SawitProRecruitment/UserService/service/validator.go:36.2,36.12 1 0
github.com/SawitProRecruitment/UserService/service/validator.go:25.52,27.3 1 0
github.com/SawitProRecruitment/UserService/service/validator.go:29.44,31.3 1 0
github.com/SawitProRecruitment/UserService/service/validator.go:33.26,35.3 1 0
github.com/SawitProRecruitment/UserService/service/validator.go:39.60,42.45 2 0
github.com/SawitProRecruitment/UserService/service/validator.go:46.2,46.91 1 0
github.com/SawitProRecruitment/UserService/service/validator.go:50.2,50.26 1 0
github.com/SawitProRecruitment/UserService/service/validator.go:53.2,53.12 1 0
github.com/SawitProRecruitment/UserService/service/validator.go:42.45,44.3 1 0
github.com/SawitProRecruitment/UserService/service/validator.go:46.91,48.3 1 0
github.com/SawitProRecruitment/UserService/service/validator.go:50.26,52.3 1 0
github.com/SawitProRecruitment/UserService/service/validator.go:56.41,59.22 2 0
github.com/SawitProRecruitment/UserService/service/validator.go:64.2,64.14 1 0
github.com/SawitProRecruitment/UserService/service/validator.go:59.22,60.44 1 0
github.com/SawitProRecruitment/UserService/service/validator.go:60.44,62.4 1 0
github.com/SawitProRecruitment/UserService/service/validator.go:67.31,68.22 1 0
github.com/SawitProRecruitment/UserService/service/validator.go:73.2,73.14 1 0
github.com/SawitProRecruitment/UserService/service/validator.go:68.22,69.27 1 0
github.com/SawitProRecruitment/UserService/service/validator.go:69.27,71.4 1 0
github.com/SawitProRecruitment/UserService/service/validator.go:76.38,77.22 1 0
github.com/SawitProRecruitment/UserService/service/validator.go:82.2,82.14 1 0
github.com/SawitProRecruitment/UserService/service/validator.go:77.22,78.27 1 0
github.com/SawitProRecruitment/UserService/service/validator.go:78.27,80.4 1 0
github.com/SawitProRecruitment/UserService/service/auth-service.go:22.161,28.2 1 0
github.com/SawitProRecruitment/UserService/service/auth-service.go:30.141,31.58 1 0
github.com/SawitProRecruitment/UserService/service/auth-service.go:35.2,36.16 2 0
github.com/SawitProRecruitment/UserService/service/auth-service.go:40.2,47.20 3 0
github.com/SawitProRecruitment/UserService/service/auth-service.go:50.2,50.56 1 0
github.com/SawitProRecruitment/UserService/service/auth-service.go:31.58,33.3 1 0
github.com/SawitProRecruitment/UserService/service/auth-service.go:36.16,38.3 1 0
github.com/SawitProRecruitment/UserService/service/auth-service.go:47.20,49.3 1 0
github.com/SawitProRecruitment/UserService/service/auth-service.go:53.105,57.58 3 0
github.com/SawitProRecruitment/UserService/service/auth-service.go:61.2,62.64 2 0
github.com/SawitProRecruitment/UserService/service/auth-service.go:66.2,67.58 2 0
github.com/SawitProRecruitment/UserService/service/auth-service.go:71.2,71.26 1 0
github.com/SawitProRecruitment/UserService/service/auth-service.go:74.2,74.12 1 0
github.com/SawitProRecruitment/UserService/service/auth-service.go:57.58,59.3 1 0
github.com/SawitProRecruitment/UserService/service/auth-service.go:62.64,64.3 1 0
github.com/SawitProRecruitment/UserService/service/auth-service.go:67.58,69.3 1 0
github.com/SawitProRecruitment/UserService/service/auth-service.go:71.26,73.3 1 0
github.com/SawitProRecruitment/UserService/service/auth-service.go:77.132,79.16 2 0
github.com/SawitProRecruitment/UserService/service/auth-service.go:86.2,86.106 1 0
github.com/SawitProRecruitment/UserService/service/auth-service.go:90.2,91.16 2 0
github.com/SawitProRecruitment/UserService/service/auth-service.go:95.2,101.80 3 0
github.com/SawitProRecruitment/UserService/service/auth-service.go:79.16,80.46 1 0
github.com/SawitProRecruitment/UserService/service/auth-service.go:83.3,83.40 1 0
github.com/SawitProRecruitment/UserService/service/auth-service.go:80.46,82.4 1 0
github.com/SawitProRecruitment/UserService/service/auth-service.go:86.106,88.3 1 0
github.com/SawitProRecruitment/UserService/service/auth-service.go:91.16,93.3 1 0
github.com/SawitProRecruitment/UserService/handler/endpoints.go:13.65,15.77 2 0
github.com/SawitProRecruitment/UserService/handler/endpoints.go:22.2,23.16 2 0
github.com/SawitProRecruitment/UserService/handler/endpoints.go:27.2,27.45 1 0
github.com/SawitProRecruitment/UserService/handler/endpoints.go:15.77,20.3 2 0
github.com/SawitProRecruitment/UserService/handler/endpoints.go:23.16,25.3 1 0
github.com/SawitProRecruitment/UserService/handler/endpoints.go:30.62,32.77 2 0
github.com/SawitProRecruitment/UserService/handler/endpoints.go:39.2,40.16 2 0
github.com/SawitProRecruitment/UserService/handler/endpoints.go:44.2,44.40 1 0
github.com/SawitProRecruitment/UserService/handler/endpoints.go:32.77,37.3 2 0
github.com/SawitProRecruitment/UserService/handler/endpoints.go:40.16,42.3 1 0
github.com/SawitProRecruitment/UserService/handler/endpoints.go:47.102,49.24 2 0
github.com/SawitProRecruitment/UserService/handler/endpoints.go:53.2,56.16 3 0
github.com/SawitProRecruitment/UserService/handler/endpoints.go:59.2,59.40 1 0
github.com/SawitProRecruitment/UserService/handler/endpoints.go:49.24,51.3 1 0
github.com/SawitProRecruitment/UserService/handler/endpoints.go:56.16,58.3 1 0
github.com/SawitProRecruitment/UserService/handler/endpoints.go:62.102,64.24 2 1
github.com/SawitProRecruitment/UserService/handler/endpoints.go:68.2,69.77 2 1
github.com/SawitProRecruitment/UserService/handler/endpoints.go:76.2,79.16 3 1
github.com/SawitProRecruitment/UserService/handler/endpoints.go:82.2,82.37 1 1
github.com/SawitProRecruitment/UserService/handler/endpoints.go:64.24,66.3 1 1
github.com/SawitProRecruitment/UserService/handler/endpoints.go:69.77,74.3 2 1
github.com/SawitProRecruitment/UserService/handler/endpoints.go:79.16,81.3 1 1
github.com/SawitProRecruitment/UserService/handler/helper.go:11.85,16.26 2 1
github.com/SawitProRecruitment/UserService/handler/helper.go:30.2,31.21 2 1
github.com/SawitProRecruitment/UserService/handler/helper.go:44.2,44.29 1 1
github.com/SawitProRecruitment/UserService/handler/helper.go:16.26,21.38 2 0
github.com/SawitProRecruitment/UserService/handler/helper.go:25.3,27.18 1 0
github.com/SawitProRecruitment/UserService/handler/helper.go:21.38,23.4 1 0
github.com/SawitProRecruitment/UserService/handler/helper.go:32.30,33.37 1 1
github.com/SawitProRecruitment/UserService/handler/helper.go:34.30,35.36 1 1
github.com/SawitProRecruitment/UserService/handler/helper.go:36.37,37.35 1 1
github.com/SawitProRecruitment/UserService/handler/helper.go:38.33,39.42 1 0
github.com/SawitProRecruitment/UserService/handler/helper.go:40.10,41.46 1 1
github.com/SawitProRecruitment/UserService/handler/helper.go:47.78,48.65 1 1
github.com/SawitProRecruitment/UserService/handler/helper.go:55.2,55.54 1 1
github.com/SawitProRecruitment/UserService/handler/helper.go:48.65,53.3 2 1
github.com/SawitProRecruitment/UserService/handler/server.go:17.47,22.2 1 1
